#
# A fatal error has been detected by the Java Runtime Environment:
#
#  EXCEPTION_ACCESS_VIOLATION (0xc0000005) at pc=0x00007ffc1d2626c4, pid=18748, tid=18032
#
# JRE version: OpenJDK Runtime Environment (25.0+21) (build 25-ea+21-2530)
# Java VM: OpenJDK 64-Bit Server VM (25-ea+21-2530, mixed mode, emulated-client, sharing, tiered, compressed oops, compressed class ptrs, g1 gc, windows-amd64)
# Problematic frame:
# C  [libasyncProfiler.dll+0x926c4]
#
# No core dump will be written. Minidumps are not enabled by default on client versions of Windows
#
# JFR recording file will be written. Location: C:\Users\italo\SpringBoot\treinoSpring\hs_err_pid18748.jfr
#
# If you would like to submit a bug report, please visit:
#   https://bugreport.java.com/bugreport/crash.jsp
# The crash happened outside the Java Virtual Machine in native code.
# See problematic frame for where to report the bug.
#

---------------  S U M M A R Y ------------

Command Line: -Dspring.profiles.active=dev -XX:TieredStopAtLevel=1 -Dspring.output.ansi.enabled=always -Dcom.sun.management.jmxremote -Dspring.jmx.enabled=true -Dspring.liveBeansView.mbeanDomain -Dspring.application.admin.enabled=true -Dmanagement.endpoints.jmx.exposure.include=* -javaagent:C:\Program Files\JetBrains\IntelliJ IDEA 2025.1\lib\idea_rt.jar=65155 -agentpath:C:\Users\italo\AppData\Local\Temp\idea_libasyncProfiler_dll_temp_folder15461\libasyncProfiler.dll=start,jfr,event=wall,interval=10ms,jfrsync=profile,cstack=no,file=C:\Users\italo\IdeaSnapshots\TreinoSpringApplication_2025_05_29_172313.jfr,dbghelppath=C:\Users\italo\AppData\Local\Temp\idea_dbghelp_dll_temp_folder\dbghelp.dll,log=C:\Users\italo\AppData\Local\Temp\TreinoSpringApplication_2025_05_29_172313.jfr.log.txt,logLevel=DEBUG -Dfile.encoding=UTF-8 -Dsun.stdout.encoding=UTF-8 -Dsun.stderr.encoding=UTF-8 projetosSpring.treinoSpring.TreinoSpringApplication

Host: AMD Ryzen 5 5600G with Radeon Graphics         , 12 cores, 15G,  Windows 10 , 64 bit Build 19041 (10.0.19041.5794)
Time: Thu May 29 17:23:14 2025 Hora oficial do Brasil elapsed time: 0.922319 seconds (0d 0h 0m 0s)

---------------  T H R E A D  ---------------

Current thread (0x00000276062e08c0):  JavaThread "main"             [_thread_in_native, id=18032, stack(0x000000b43c000000,0x000000b43c100000) (1024K)]

Stack: [0x000000b43c000000,0x000000b43c100000],  sp=0x000000b43c0feb10,  free space=1018k
Native frames: (J=compiled Java code, j=interpreted, Vv=VM code, C=native code)
C  [libasyncProfiler.dll+0x926c4]  (no source info available)
C  [libasyncProfiler.dll+0x92b9b]  (no source info available)
C  [libasyncProfiler.dll+0x917f4]  (no source info available)
C  [libasyncProfiler.dll+0x9206a]  (no source info available)
C  [libasyncProfiler.dll+0x8cc21]  (no source info available)
C  [libasyncProfiler.dll+0x7e5e1]  (no source info available)
C  [libasyncProfiler.dll+0x7d2f8]  (no source info available)
C  [libasyncProfiler.dll+0x7d1e0]  (no source info available)
C  [libasyncProfiler.dll+0x832fc]  (no source info available)
V  [jvm.dll+0x63d9fe]  (no source info available)
V  [jvm.dll+0x8f7056]  (no source info available)
V  [jvm.dll+0x4ed351]  (no source info available)
V  [jvm.dll+0x4eec41]  (no source info available)
C  [jli.dll+0x543e]  (no source info available)
C  [ucrtbase.dll+0x21bb2]  (no source info available)
C  [KERNEL32.DLL+0x17374]  (no source info available)
C  [ntdll.dll+0x4cc91]  (no source info available)


siginfo: EXCEPTION_ACCESS_VIOLATION (0xc0000005), reading address 0xffffffffffffffff


Registers:
RAX=0x0000000000000010, RBX=0x0000000000000000, RCX=0xffffffffffffffff, RDX=0x007ffc1aa9651008
RSP=0x000000b43c0feb10, RBP=0x000002761a8f5090, RSI=0x000000b43c0fec80, RDI=0x000002761a8f5090
R8 =0x0000000000000042, R9 =0x0000000719401ee0, R10=0x00007ffc1ad14470, R11=0x0000000000000002
R12=0x000000b43c0fec80, R13=0x000002760407b610, R14=0x00000276062e0c90, R15=0x00000276062e0c90
RIP=0x00007ffc1d2626c4, EFLAGS=0x0000000000010202

XMM[0]=0x0000000000000000 0x0000000000000000
XMM[1]=0x0000000000000000 0x0000000000000000
XMM[2]=0x0000000000000000 0x0000000000000000
XMM[3]=0x0000000000000000 0x0000000000000000
XMM[4]=0x0000000000000000 0x0000000000000000
XMM[5]=0x0000000000000000 0x0000000000000000
XMM[6]=0x0000000000000000 0x0000000000000000
XMM[7]=0x0000000000000000 0x0000000000000000
XMM[8]=0x0000000000000000 0x0000000000000000
XMM[9]=0x0000000000000000 0x0000000000000000
XMM[10]=0x0000000000000000 0x0000000000000000
XMM[11]=0x0000000000000000 0x0000000000000000
XMM[12]=0x0000000000000000 0x0000000000000000
XMM[13]=0x0000000000000000 0x0000000000000000
XMM[14]=0x0000000000000000 0x0000000000000000
XMM[15]=0x0000000000000000 0x0000000000000000
  MXCSR=0x00001fa0


Register to memory mapping:

RAX=0x0000000000000010 is an unknown value
RBX=0x0 is null
RCX=0xffffffffffffffff is an unknown value
RDX=0x007ffc1aa9651008 is an unknown value
RSP=0x000000b43c0feb10 is pointing into the stack for thread: 0x00000276062e08c0
RBP=0x000002761a8f5090 points into unknown readable memory: 0x0000000719401ee0 | e0 1e 40 19 07 00 00 00
RSI=0x000000b43c0fec80 is pointing into the stack for thread: 0x00000276062e08c0
RDI=0x000002761a8f5090 points into unknown readable memory: 0x0000000719401ee0 | e0 1e 40 19 07 00 00 00
R8 =0x0000000000000042 is an unknown value
R9 =0x0000000719401ee0 is an oop: java.lang.Thread 
{0x0000000719401ee0} - klass: 'java/lang/Thread' - flags: 

 - ---- fields (total size 14 words):
 - 'threadLocalRandomProbe' 'I' @12  0 (0x00000000)
 - private volatile 'eetop' 'J' @16  2705933076672 (0x00000276062e08c0)
 - private final 'tid' 'J' @24  3 (0x0000000000000003)
 - 'threadLocalRandomSeed' 'J' @32  0 (0x0000000000000000)
 - injected 'jvmti_thread_state' 'J' @40  2706270433040 (0x000002761a49af10)
 - 'threadLocalRandomSecondarySeed' 'I' @48  0 (0x00000000)
 - injected 'jvmti_VTMS_transition_disable_count' 'I' @52  0 (0x00000000)
 - injected 'jfr_epoch' 'S' @56  0 (0x0000)
 - volatile 'interrupted' 'Z' @58  false (0x00)
 - injected 'jvmti_is_in_VTMS_transition' 'Z' @59  false (0x00)
 - private volatile 'name' 'Ljava/lang/String;' @60  "main"{0x0000000719401f50} (0xe32803ea)
 - private volatile 'contextClassLoader' 'Ljava/lang/ClassLoader;' @64  a 'jdk/internal/loader/ClassLoaders$AppClassLoader'{0x0000000719437328} (0xe3286e65)
 - private final 'holder' 'Ljava/lang/Thread$FieldHolder;' @68  a 'java/lang/Thread$FieldHolder'{0x0000000719401f90} (0xe32803f2)
 - 'threadLocals' 'Ljava/lang/ThreadLocal$ThreadLocalMap;' @72  a 'java/lang/ThreadLocal$ThreadLocalMap'{0x000000071934b850} (0xe326970a)
 - 'inheritableThreadLocals' 'Ljava/lang/ThreadLocal$ThreadLocalMap;' @76  null (0x00000000)
 - private 'scopedValueBindings' 'Ljava/lang/Object;' @80  a 'java/lang/Class'{0x00000007ffe8a278} = 'java/lang/Thread' (0xfffd144f)
 - final 'interruptLock' 'Ljava/lang/Object;' @84  a 'java/lang/Object'{0x0000000719401f80} (0xe32803f0)
 - private volatile 'parkBlocker' 'Ljava/lang/Object;' @88  null (0x00000000)
 - private 'nioBlocker' 'Lsun/nio/ch/Interruptible;' @92  null (0x00000000)
 - private 'cont' 'Ljdk/internal/vm/Continuation;' @96  null (0x00000000)
 - private volatile 'uncaughtExceptionHandler' 'Ljava/lang/Thread$UncaughtExceptionHandler;' @100  null (0x00000000)
 - private 'container' 'Ljdk/internal/vm/ThreadContainer;' @104  null (0x00000000)
 - private volatile 'headStackableScopes' 'Ljdk/internal/vm/StackableScope;' @108  null (0x00000000)
R10=0x00007ffc1ad14470 jvm.dll
R11=0x0000000000000002 is an unknown value
R12=0x000000b43c0fec80 is pointing into the stack for thread: 0x00000276062e08c0
R13=0x000002760407b610 points into unknown readable memory: 0x00007ffc1ac87540 | 40 75 c8 1a fc 7f 00 00
R14=0x00000276062e0c90 points into unknown readable memory: 0x00007ffc1ac7eae0 | e0 ea c7 1a fc 7f 00 00
R15=0x00000276062e0c90 points into unknown readable memory: 0x00007ffc1ac7eae0 | e0 ea c7 1a fc 7f 00 00

Top of Stack: (sp=0x000000b43c0feb10)
0x000000b43c0feb10:   000000b43c0fec80 000002761a8f5090   ...<.....P..v...
0x000000b43c0feb20:   0000000000000000 0000027605e661f8   .........a..v...
0x000000b43c0feb30:   0000000000000019 00007ffc1d262b9b   .........+&.....
0x000000b43c0feb40:   0000000000000000 00000276062e0c90   ............v...
0x000000b43c0feb50:   000000b43c0fec01 0000000000000000   ...<............
0x000000b43c0feb60:   0000027660de5f30 00007ffc1d2617f4   0_.`v.....&.....
0x000000b43c0feb70:   0000000000000000 0000000000000019   ................
0x000000b43c0feb80:   0000000000000000 0000000000000019   ................
0x000000b43c0feb90:   0000000900000000 00000276611447f0   .........G.av...
0x000000b43c0feba0:   0000027660de5f30 0000027660de5f94   0_.`v...._.`v...
0x000000b43c0febb0:   0000027660de5fa0 0000027600005ee8   ._.`v....^..v...
0x000000b43c0febc0:   0000000000000000 0000000000000000   ................
0x000000b43c0febd0:   0000000000000000 00007ffc1a4acbf4   ..........J.....
0x000000b43c0febe0:   00007ffc1d3a4ca0 000000000000493c   .L:.....<I......
0x000000b43c0febf0:   00007ffc1d3a4ca0 00000000ffffffff   .L:.............
0x000000b43c0fec00:   0000000000000000 00007ffc1d26206a   ........j &.....
0x000000b43c0fec10:   00000276062e0c90 0000000000000000   ....v...........
0x000000b43c0fec20:   000000b43c0fec89 000002760407b610   ...<........v...
0x000000b43c0fec30:   00000276620bf040 0000000000000000   @..bv...........
0x000000b43c0fec40:   0000000000000000 00007ffc1d34f108   ..........4.....
0x000000b43c0fec50:   00000276062e0c90 00007ffc1d3a4ca0   ....v....L:.....
0x000000b43c0fec60:   0000000000100000 0000000000001000   ................
0x000000b43c0fec70:   000000b43c0fee18 00000276062e0c90   ...<........v...
0x000000b43c0fec80:   000002761a595ae0 000002761a595e00   .ZY.v....^Y.v...
0x000000b43c0fec90:   000002761a595e00 00007ffc1d3a4ca0   .^Y.v....L:.....
0x000000b43c0feca0:   000000b43c0fee18 0000027603f80000   ...<........v...
0x000000b43c0fecb0:   000000b43c0fef50 0000000000008840   P..<....@.......
0x000000b43c0fecc0:   00007ffc1d397080 00007ffc1d3a4cf0   .p9......L:.....
0x000000b43c0fecd0:   0000000000989680 0000000000989680   ................
0x000000b43c0fece0:   000000b43c0fedf0 00007ffc1d25cc21   ...<....!.%.....
0x000000b43c0fecf0:   00007ffc1d3a4ca0 00007ffc1d3a4cf8   .L:......L:.....
0x000000b43c0fed00:   00007ffc00000000 00007ffc00000001   ................

Instructions: (pc=0x00007ffc1d2626c4)
  0x00007ffc1d2625c4:   cc cc cc cc cc cc cc cc cc cc cc cc cc cc cc cc
  0x00007ffc1d2625d4:   cc cc cc cc cc cc cc cc cc cc cc cc cc cc cc cc
  0x00007ffc1d2625e4:   cc cc cc cc cc cc cc cc cc cc cc cc cc cc cc cc
  0x00007ffc1d2625f4:   cc cc cc cc cc cc cc cc cc cc cc cc cc cc cc cc
  0x00007ffc1d262604:   cc cc cc cc cc cc cc cc cc cc cc cc cc cc cc cc
  0x00007ffc1d262614:   cc cc cc cc cc cc cc cc cc cc cc cc cc cc cc cc
  0x00007ffc1d262624:   cc cc cc cc cc cc cc cc cc cc cc cc cc cc cc cc
  0x00007ffc1d262634:   cc cc cc cc cc cc cc cc cc cc cc cc cc cc cc cc
  0x00007ffc1d262644:   cc cc cc cc cc cc cc cc cc cc cc cc 40 57 48 83
  0x00007ffc1d262654:   ec 20 48 8b f9 48 8b 0d 10 28 14 00 48 85 c9 74
  0x00007ffc1d262664:   20 48 8b 01 48 8d 54 24 38 41 b8 06 00 01 00 4c
  0x00007ffc1d262674:   8b 48 30 41 ff d1 85 c0 75 07 48 8b 4c 24 38 eb
  0x00007ffc1d262684:   02 33 c9 4c 8b 05 ea 28 14 00 48 89 5c 24 30 4d
  0x00007ffc1d262694:   85 c0 74 4a 48 8b 01 48 8b d7 4c 8b 88 28 03 00
  0x00007ffc1d2626a4:   00 41 ff d1 48 85 c0 74 35 48 63 0d f8 e6 13 00
  0x00007ffc1d2626b4:   48 8b 14 01 48 85 d2 74 15 48 63 05 fc e6 13 00
=>0x00007ffc1d2626c4:   8b 04 10 48 8b 5c 24 30 48 83 c4 20 5f c3 b8 ff
  0x00007ffc1d2626d4:   ff ff ff 48 8b 5c 24 30 48 83 c4 20 5f c3 80 3d
  0x00007ffc1d2626e4:   9b 27 14 00 00 bb ff ff ff ff 74 20 4c 8b 0d 31
  0x00007ffc1d2626f4:   24 14 00 4c 8d 44 24 38 48 8b 0d 15 24 14 00 48
  0x00007ffc1d262704:   8b d7 41 ff d1 85 c0 0f 44 5c 24 38 8b c3 48 8b
  0x00007ffc1d262714:   5c 24 30 48 83 c4 20 5f c3 cc cc cc cc cc cc cc
  0x00007ffc1d262724:   cc cc cc cc cc cc cc cc cc cc cc cc cc cc cc cc
  0x00007ffc1d262734:   cc cc cc cc cc cc cc cc cc cc cc cc cc cc cc cc
  0x00007ffc1d262744:   cc cc cc cc cc cc cc cc cc cc cc cc 48 89 54 24
  0x00007ffc1d262754:   10 53 55 56 57 41 56 41 57 48 83 ec 28 48 8b f2
  0x00007ffc1d262764:   4c 8b f1 48 89 4c 24 78 45 33 ff 44 89 7c 24 68
  0x00007ffc1d262774:   c7 44 24 60 01 00 00 00 48 8d 4c 24 68 e8 ed 42
  0x00007ffc1d262784:   f7 ff 8b d8 48 8d 4c 24 60 e8 e1 42 f7 ff 8b e8
  0x00007ffc1d262794:   49 8b ce e8 00 fc f6 ff 48 8b f8 90 8b c3 f0 0f
  0x00007ffc1d2627a4:   b1 2f 74 04 f3 90 eb f4 4c 89 3e 4c 89 7e 08 4c
  0x00007ffc1d2627b4:   89 7e 10 49 8b 6e 08 4d 8b 76 10 49 3b ee 0f 84


Stack slot to memory mapping:

stack at sp + 0 slots: 0x000000b43c0fec80 is pointing into the stack for thread: 0x00000276062e08c0
stack at sp + 1 slots: 0x000002761a8f5090 points into unknown readable memory: 0x0000000719401ee0 | e0 1e 40 19 07 00 00 00
stack at sp + 2 slots: 0x0 is null
stack at sp + 3 slots: 0x0000027605e661f8 points into unknown readable memory: 0x6e616c2e6176616a | 6a 61 76 61 2e 6c 61 6e
stack at sp + 4 slots: 0x0000000000000019 is an unknown value
stack at sp + 5 slots: 0x00007ffc1d262b9b libasyncProfiler.dll
stack at sp + 6 slots: 0x0 is null
stack at sp + 7 slots: 0x00000276062e0c90 points into unknown readable memory: 0x00007ffc1ac7eae0 | e0 ea c7 1a fc 7f 00 00

Lock stack of current Java thread (top to bottom):


---------------  P R O C E S S  ---------------

Threads class SMR info:
_java_thread_list=0x0000027660f8fdd0, length=14, elements={
0x00000276062e08c0, 0x000002761a41a1d0, 0x000002761a41aa60, 0x000002761a420070,
0x000002761a421f10, 0x000002761a422a50, 0x000002761a4239a0, 0x000002761a42e110,
0x000002761a4e4370, 0x000002761a500850, 0x000002761a5a93b0, 0x000002761a8edd20,
0x0000027660ba1e60, 0x0000027661163df0
}

Java Threads: ( => current thread )
=>0x00000276062e08c0 JavaThread "main"                              [_thread_in_native, id=18032, stack(0x000000b43c000000,0x000000b43c100000) (1024K)]
  0x000002761a41a1d0 JavaThread "Reference Handler"          daemon [_thread_blocked, id=20388, stack(0x000000b43c800000,0x000000b43c900000) (1024K)]
  0x000002761a41aa60 JavaThread "Finalizer"                  daemon [_thread_blocked, id=3092, stack(0x000000b43c900000,0x000000b43ca00000) (1024K)]
  0x000002761a420070 JavaThread "Signal Dispatcher"          daemon [_thread_blocked, id=21232, stack(0x000000b43ca00000,0x000000b43cb00000) (1024K)]
  0x000002761a421f10 JavaThread "Attach Listener"            daemon [_thread_blocked, id=12608, stack(0x000000b43cb00000,0x000000b43cc00000) (1024K)]
  0x000002761a422a50 JavaThread "Service Thread"             daemon [_thread_blocked, id=12132, stack(0x000000b43cc00000,0x000000b43cd00000) (1024K)]
  0x000002761a4239a0 JavaThread "Monitor Deflation Thread"   daemon [_thread_blocked, id=16160, stack(0x000000b43cd00000,0x000000b43ce00000) (1024K)]
  0x000002761a42e110 JavaThread "C1 CompilerThread0"         daemon [_thread_blocked, id=2552, stack(0x000000b43ce00000,0x000000b43cf00000) (1024K)]
  0x000002761a4e4370 JavaThread "C1 CompilerThread1"         daemon [_thread_blocked, id=23868, stack(0x000000b43cf00000,0x000000b43d000000) (1024K)]
  0x000002761a500850 JavaThread "C1 CompilerThread2"         daemon [_thread_blocked, id=8244, stack(0x000000b43d000000,0x000000b43d100000) (1024K)]
  0x000002761a5a93b0 JavaThread "Common-Cleaner"             daemon [_thread_blocked, id=21476, stack(0x000000b43d100000,0x000000b43d200000) (1024K)]
  0x000002761a8edd20 JavaThread "Monitor Ctrl-Break"         daemon [_thread_in_native, id=13268, stack(0x000000b43d200000,0x000000b43d300000) (1024K)]
  0x0000027660ba1e60 JavaThread "JFR Recorder Thread"        daemon [_thread_in_native, id=19508, stack(0x000000b43d300000,0x000000b43d400000) (1024K)]
  0x0000027661163df0 JavaThread "JFR Periodic Tasks"         daemon [_thread_blocked, id=24296, stack(0x000000b43d400000,0x000000b43d500000) (1024K)]
Total: 14

Other Threads:
  0x00000276060034e0 VMThread "VM Thread"                           [id=8804, stack(0x000000b43c700000,0x000000b43c800000) (1024K)]
  0x0000027605f50630 WatcherThread "VM Periodic Task Thread"        [id=16648, stack(0x000000b43c600000,0x000000b43c700000) (1024K)]
  0x0000027605ecbc00 WorkerThread "GC Thread#0"                     [id=23952, stack(0x000000b43c100000,0x000000b43c200000) (1024K)]
  0x0000027605ee5f30 ConcurrentGCThread "G1 Main Marker"            [id=3172, stack(0x000000b43c200000,0x000000b43c300000) (1024K)]
  0x0000027605ee8010 WorkerThread "G1 Conc#0"                       [id=8180, stack(0x000000b43c300000,0x000000b43c400000) (1024K)]
  0x0000027605f3f010 ConcurrentGCThread "G1 Refine#0"               [id=22612, stack(0x000000b43c400000,0x000000b43c500000) (1024K)]
  0x0000027605f3f9b0 ConcurrentGCThread "G1 Service"                [id=12832, stack(0x000000b43c500000,0x000000b43c600000) (1024K)]
Total: 7

Threads with active compile tasks:
Total: 0

VM state: not at safepoint (normal execution)

VM Mutex/Monitor currently owned by a thread: None

Heap address: 0x0000000709e00000, size: 3938 MB, Compressed Oops mode: Zero based, Oop shift amount: 3

CDS archive(s) mapped at: [0x000002761b000000-0x000002761be70000-0x000002761be70000), size 15138816, SharedBaseAddress: 0x000002761b000000, ArchiveRelocationMode: 1.
Compressed class space mapped at: 0x000002761c000000-0x000002765c000000, reserved size: 1073741824
UseCompressedClassPointers 1, UseCompactObjectHeaders 0
Narrow klass pointer bits 32, Max shift 3
Narrow klass base: 0x000002761b000000, Narrow klass shift: 0
Encoding Range: [0x000002761b000000 - 0x000002771b000000), (4294967296 bytes)
Klass Range:    [0x000002761b010000 - 0x000002765c000000), (1090453504 bytes)
Klass ID Range:  [65536 - 1090519033) (1090453497)
Protection zone: [0x000002761b000000 - 0x000002761b010000), (65536 bytes)

GC Precious Log:
 CardTable entry size: 512
 Card Set container configuration: InlinePtr #cards 4 size 8 Array Of Cards #cards 16 size 48 Howl #buckets 8 coarsen threshold 3686 Howl Bitmap #cards 512 size 80 coarsen threshold 460 Card regions per heap region 1 cards per card region 4096
 CPUs: 12 total, 12 available
 Memory: 15745M
 Large Page Support: Disabled
 NUMA Support: Disabled
 Compressed Oops: Enabled (Zero based)
 Heap Region Size: 2M
 Heap Min Capacity: 8M
 Heap Initial Capacity: 248M
 Heap Max Capacity: 3938M
 Pre-touch: Disabled
 Parallel Workers: 10
 Concurrent Workers: 3
 Concurrent Refinement Workers: 10
 Periodic GC: Disabled

Heap:
 garbage-first heap   total reserved 4032512K, committed 256000K, used 21741K [0x0000000709e00000, 0x0000000800000000)
  region size 2048K, 12 young (24576K), 0 survivors (0K)
 Metaspace       used 2530K, committed 2624K, reserved 1114112K
  class space    used 259K, committed 320K, reserved 1048576K

Heap Regions: E=young(eden), S=young(survivor), O=old, HS=humongous(starts), HC=humongous(continues), CS=collection set, F=free, TAMS=top-at-mark-start, PB=parsable bottom
|   0|0x0000000709e00000, 0x0000000709e00000, 0x000000070a000000|  0%| F|  |TAMS 0x0000000709e00000| PB 0x0000000709e00000| Untracked |  0
|   1|0x000000070a000000, 0x000000070a000000, 0x000000070a200000|  0%| F|  |TAMS 0x000000070a000000| PB 0x000000070a000000| Untracked |  0
|   2|0x000000070a200000, 0x000000070a200000, 0x000000070a400000|  0%| F|  |TAMS 0x000000070a200000| PB 0x000000070a200000| Untracked |  0
|   3|0x000000070a400000, 0x000000070a400000, 0x000000070a600000|  0%| F|  |TAMS 0x000000070a400000| PB 0x000000070a400000| Untracked |  0
|   4|0x000000070a600000, 0x000000070a600000, 0x000000070a800000|  0%| F|  |TAMS 0x000000070a600000| PB 0x000000070a600000| Untracked |  0
|   5|0x000000070a800000, 0x000000070a800000, 0x000000070aa00000|  0%| F|  |TAMS 0x000000070a800000| PB 0x000000070a800000| Untracked |  0
|   6|0x000000070aa00000, 0x000000070aa00000, 0x000000070ac00000|  0%| F|  |TAMS 0x000000070aa00000| PB 0x000000070aa00000| Untracked |  0
|   7|0x000000070ac00000, 0x000000070ac00000, 0x000000070ae00000|  0%| F|  |TAMS 0x000000070ac00000| PB 0x000000070ac00000| Untracked |  0
|   8|0x000000070ae00000, 0x000000070ae00000, 0x000000070b000000|  0%| F|  |TAMS 0x000000070ae00000| PB 0x000000070ae00000| Untracked |  0
|   9|0x000000070b000000, 0x000000070b000000, 0x000000070b200000|  0%| F|  |TAMS 0x000000070b000000| PB 0x000000070b000000| Untracked |  0
|  10|0x000000070b200000, 0x000000070b200000, 0x000000070b400000|  0%| F|  |TAMS 0x000000070b200000| PB 0x000000070b200000| Untracked |  0
|  11|0x000000070b400000, 0x000000070b400000, 0x000000070b600000|  0%| F|  |TAMS 0x000000070b400000| PB 0x000000070b400000| Untracked |  0
|  12|0x000000070b600000, 0x000000070b600000, 0x000000070b800000|  0%| F|  |TAMS 0x000000070b600000| PB 0x000000070b600000| Untracked |  0
|  13|0x000000070b800000, 0x000000070b800000, 0x000000070ba00000|  0%| F|  |TAMS 0x000000070b800000| PB 0x000000070b800000| Untracked |  0
|  14|0x000000070ba00000, 0x000000070ba00000, 0x000000070bc00000|  0%| F|  |TAMS 0x000000070ba00000| PB 0x000000070ba00000| Untracked |  0
|  15|0x000000070bc00000, 0x000000070bc00000, 0x000000070be00000|  0%| F|  |TAMS 0x000000070bc00000| PB 0x000000070bc00000| Untracked |  0
|  16|0x000000070be00000, 0x000000070be00000, 0x000000070c000000|  0%| F|  |TAMS 0x000000070be00000| PB 0x000000070be00000| Untracked |  0
|  17|0x000000070c000000, 0x000000070c000000, 0x000000070c200000|  0%| F|  |TAMS 0x000000070c000000| PB 0x000000070c000000| Untracked |  0
|  18|0x000000070c200000, 0x000000070c200000, 0x000000070c400000|  0%| F|  |TAMS 0x000000070c200000| PB 0x000000070c200000| Untracked |  0
|  19|0x000000070c400000, 0x000000070c400000, 0x000000070c600000|  0%| F|  |TAMS 0x000000070c400000| PB 0x000000070c400000| Untracked |  0
|  20|0x000000070c600000, 0x000000070c600000, 0x000000070c800000|  0%| F|  |TAMS 0x000000070c600000| PB 0x000000070c600000| Untracked |  0
|  21|0x000000070c800000, 0x000000070c800000, 0x000000070ca00000|  0%| F|  |TAMS 0x000000070c800000| PB 0x000000070c800000| Untracked |  0
|  22|0x000000070ca00000, 0x000000070ca00000, 0x000000070cc00000|  0%| F|  |TAMS 0x000000070ca00000| PB 0x000000070ca00000| Untracked |  0
|  23|0x000000070cc00000, 0x000000070cc00000, 0x000000070ce00000|  0%| F|  |TAMS 0x000000070cc00000| PB 0x000000070cc00000| Untracked |  0
|  24|0x000000070ce00000, 0x000000070ce00000, 0x000000070d000000|  0%| F|  |TAMS 0x000000070ce00000| PB 0x000000070ce00000| Untracked |  0
|  25|0x000000070d000000, 0x000000070d000000, 0x000000070d200000|  0%| F|  |TAMS 0x000000070d000000| PB 0x000000070d000000| Untracked |  0
|  26|0x000000070d200000, 0x000000070d200000, 0x000000070d400000|  0%| F|  |TAMS 0x000000070d200000| PB 0x000000070d200000| Untracked |  0
|  27|0x000000070d400000, 0x000000070d400000, 0x000000070d600000|  0%| F|  |TAMS 0x000000070d400000| PB 0x000000070d400000| Untracked |  0
|  28|0x000000070d600000, 0x000000070d600000, 0x000000070d800000|  0%| F|  |TAMS 0x000000070d600000| PB 0x000000070d600000| Untracked |  0
|  29|0x000000070d800000, 0x000000070d800000, 0x000000070da00000|  0%| F|  |TAMS 0x000000070d800000| PB 0x000000070d800000| Untracked |  0
|  30|0x000000070da00000, 0x000000070da00000, 0x000000070dc00000|  0%| F|  |TAMS 0x000000070da00000| PB 0x000000070da00000| Untracked |  0
|  31|0x000000070dc00000, 0x000000070dc00000, 0x000000070de00000|  0%| F|  |TAMS 0x000000070dc00000| PB 0x000000070dc00000| Untracked |  0
|  32|0x000000070de00000, 0x000000070de00000, 0x000000070e000000|  0%| F|  |TAMS 0x000000070de00000| PB 0x000000070de00000| Untracked |  0
|  33|0x000000070e000000, 0x000000070e000000, 0x000000070e200000|  0%| F|  |TAMS 0x000000070e000000| PB 0x000000070e000000| Untracked |  0
|  34|0x000000070e200000, 0x000000070e200000, 0x000000070e400000|  0%| F|  |TAMS 0x000000070e200000| PB 0x000000070e200000| Untracked |  0
|  35|0x000000070e400000, 0x000000070e400000, 0x000000070e600000|  0%| F|  |TAMS 0x000000070e400000| PB 0x000000070e400000| Untracked |  0
|  36|0x000000070e600000, 0x000000070e600000, 0x000000070e800000|  0%| F|  |TAMS 0x000000070e600000| PB 0x000000070e600000| Untracked |  0
|  37|0x000000070e800000, 0x000000070e800000, 0x000000070ea00000|  0%| F|  |TAMS 0x000000070e800000| PB 0x000000070e800000| Untracked |  0
|  38|0x000000070ea00000, 0x000000070ea00000, 0x000000070ec00000|  0%| F|  |TAMS 0x000000070ea00000| PB 0x000000070ea00000| Untracked |  0
|  39|0x000000070ec00000, 0x000000070ec00000, 0x000000070ee00000|  0%| F|  |TAMS 0x000000070ec00000| PB 0x000000070ec00000| Untracked |  0
|  40|0x000000070ee00000, 0x000000070ee00000, 0x000000070f000000|  0%| F|  |TAMS 0x000000070ee00000| PB 0x000000070ee00000| Untracked |  0
|  41|0x000000070f000000, 0x000000070f000000, 0x000000070f200000|  0%| F|  |TAMS 0x000000070f000000| PB 0x000000070f000000| Untracked |  0
|  42|0x000000070f200000, 0x000000070f200000, 0x000000070f400000|  0%| F|  |TAMS 0x000000070f200000| PB 0x000000070f200000| Untracked |  0
|  43|0x000000070f400000, 0x000000070f400000, 0x000000070f600000|  0%| F|  |TAMS 0x000000070f400000| PB 0x000000070f400000| Untracked |  0
|  44|0x000000070f600000, 0x000000070f600000, 0x000000070f800000|  0%| F|  |TAMS 0x000000070f600000| PB 0x000000070f600000| Untracked |  0
|  45|0x000000070f800000, 0x000000070f800000, 0x000000070fa00000|  0%| F|  |TAMS 0x000000070f800000| PB 0x000000070f800000| Untracked |  0
|  46|0x000000070fa00000, 0x000000070fa00000, 0x000000070fc00000|  0%| F|  |TAMS 0x000000070fa00000| PB 0x000000070fa00000| Untracked |  0
|  47|0x000000070fc00000, 0x000000070fc00000, 0x000000070fe00000|  0%| F|  |TAMS 0x000000070fc00000| PB 0x000000070fc00000| Untracked |  0
|  48|0x000000070fe00000, 0x000000070fe00000, 0x0000000710000000|  0%| F|  |TAMS 0x000000070fe00000| PB 0x000000070fe00000| Untracked |  0
|  49|0x0000000710000000, 0x0000000710000000, 0x0000000710200000|  0%| F|  |TAMS 0x0000000710000000| PB 0x0000000710000000| Untracked |  0
|  50|0x0000000710200000, 0x0000000710200000, 0x0000000710400000|  0%| F|  |TAMS 0x0000000710200000| PB 0x0000000710200000| Untracked |  0
|  51|0x0000000710400000, 0x0000000710400000, 0x0000000710600000|  0%| F|  |TAMS 0x0000000710400000| PB 0x0000000710400000| Untracked |  0
|  52|0x0000000710600000, 0x0000000710600000, 0x0000000710800000|  0%| F|  |TAMS 0x0000000710600000| PB 0x0000000710600000| Untracked |  0
|  53|0x0000000710800000, 0x0000000710800000, 0x0000000710a00000|  0%| F|  |TAMS 0x0000000710800000| PB 0x0000000710800000| Untracked |  0
|  54|0x0000000710a00000, 0x0000000710a00000, 0x0000000710c00000|  0%| F|  |TAMS 0x0000000710a00000| PB 0x0000000710a00000| Untracked |  0
|  55|0x0000000710c00000, 0x0000000710c00000, 0x0000000710e00000|  0%| F|  |TAMS 0x0000000710c00000| PB 0x0000000710c00000| Untracked |  0
|  56|0x0000000710e00000, 0x0000000710e00000, 0x0000000711000000|  0%| F|  |TAMS 0x0000000710e00000| PB 0x0000000710e00000| Untracked |  0
|  57|0x0000000711000000, 0x0000000711000000, 0x0000000711200000|  0%| F|  |TAMS 0x0000000711000000| PB 0x0000000711000000| Untracked |  0
|  58|0x0000000711200000, 0x0000000711200000, 0x0000000711400000|  0%| F|  |TAMS 0x0000000711200000| PB 0x0000000711200000| Untracked |  0
|  59|0x0000000711400000, 0x0000000711400000, 0x0000000711600000|  0%| F|  |TAMS 0x0000000711400000| PB 0x0000000711400000| Untracked |  0
|  60|0x0000000711600000, 0x0000000711600000, 0x0000000711800000|  0%| F|  |TAMS 0x0000000711600000| PB 0x0000000711600000| Untracked |  0
|  61|0x0000000711800000, 0x0000000711800000, 0x0000000711a00000|  0%| F|  |TAMS 0x0000000711800000| PB 0x0000000711800000| Untracked |  0
|  62|0x0000000711a00000, 0x0000000711a00000, 0x0000000711c00000|  0%| F|  |TAMS 0x0000000711a00000| PB 0x0000000711a00000| Untracked |  0
|  63|0x0000000711c00000, 0x0000000711c00000, 0x0000000711e00000|  0%| F|  |TAMS 0x0000000711c00000| PB 0x0000000711c00000| Untracked |  0
|  64|0x0000000711e00000, 0x0000000711e00000, 0x0000000712000000|  0%| F|  |TAMS 0x0000000711e00000| PB 0x0000000711e00000| Untracked |  0
|  65|0x0000000712000000, 0x0000000712000000, 0x0000000712200000|  0%| F|  |TAMS 0x0000000712000000| PB 0x0000000712000000| Untracked |  0
|  66|0x0000000712200000, 0x0000000712200000, 0x0000000712400000|  0%| F|  |TAMS 0x0000000712200000| PB 0x0000000712200000| Untracked |  0
|  67|0x0000000712400000, 0x0000000712400000, 0x0000000712600000|  0%| F|  |TAMS 0x0000000712400000| PB 0x0000000712400000| Untracked |  0
|  68|0x0000000712600000, 0x0000000712600000, 0x0000000712800000|  0%| F|  |TAMS 0x0000000712600000| PB 0x0000000712600000| Untracked |  0
|  69|0x0000000712800000, 0x0000000712800000, 0x0000000712a00000|  0%| F|  |TAMS 0x0000000712800000| PB 0x0000000712800000| Untracked |  0
|  70|0x0000000712a00000, 0x0000000712a00000, 0x0000000712c00000|  0%| F|  |TAMS 0x0000000712a00000| PB 0x0000000712a00000| Untracked |  0
|  71|0x0000000712c00000, 0x0000000712c00000, 0x0000000712e00000|  0%| F|  |TAMS 0x0000000712c00000| PB 0x0000000712c00000| Untracked |  0
|  72|0x0000000712e00000, 0x0000000712e00000, 0x0000000713000000|  0%| F|  |TAMS 0x0000000712e00000| PB 0x0000000712e00000| Untracked |  0
|  73|0x0000000713000000, 0x0000000713000000, 0x0000000713200000|  0%| F|  |TAMS 0x0000000713000000| PB 0x0000000713000000| Untracked |  0
|  74|0x0000000713200000, 0x0000000713200000, 0x0000000713400000|  0%| F|  |TAMS 0x0000000713200000| PB 0x0000000713200000| Untracked |  0
|  75|0x0000000713400000, 0x0000000713400000, 0x0000000713600000|  0%| F|  |TAMS 0x0000000713400000| PB 0x0000000713400000| Untracked |  0
|  76|0x0000000713600000, 0x0000000713600000, 0x0000000713800000|  0%| F|  |TAMS 0x0000000713600000| PB 0x0000000713600000| Untracked |  0
|  77|0x0000000713800000, 0x0000000713800000, 0x0000000713a00000|  0%| F|  |TAMS 0x0000000713800000| PB 0x0000000713800000| Untracked |  0
|  78|0x0000000713a00000, 0x0000000713a00000, 0x0000000713c00000|  0%| F|  |TAMS 0x0000000713a00000| PB 0x0000000713a00000| Untracked |  0
|  79|0x0000000713c00000, 0x0000000713c00000, 0x0000000713e00000|  0%| F|  |TAMS 0x0000000713c00000| PB 0x0000000713c00000| Untracked |  0
|  80|0x0000000713e00000, 0x0000000713e00000, 0x0000000714000000|  0%| F|  |TAMS 0x0000000713e00000| PB 0x0000000713e00000| Untracked |  0
|  81|0x0000000714000000, 0x0000000714000000, 0x0000000714200000|  0%| F|  |TAMS 0x0000000714000000| PB 0x0000000714000000| Untracked |  0
|  82|0x0000000714200000, 0x0000000714200000, 0x0000000714400000|  0%| F|  |TAMS 0x0000000714200000| PB 0x0000000714200000| Untracked |  0
|  83|0x0000000714400000, 0x0000000714400000, 0x0000000714600000|  0%| F|  |TAMS 0x0000000714400000| PB 0x0000000714400000| Untracked |  0
|  84|0x0000000714600000, 0x0000000714600000, 0x0000000714800000|  0%| F|  |TAMS 0x0000000714600000| PB 0x0000000714600000| Untracked |  0
|  85|0x0000000714800000, 0x0000000714800000, 0x0000000714a00000|  0%| F|  |TAMS 0x0000000714800000| PB 0x0000000714800000| Untracked |  0
|  86|0x0000000714a00000, 0x0000000714a00000, 0x0000000714c00000|  0%| F|  |TAMS 0x0000000714a00000| PB 0x0000000714a00000| Untracked |  0
|  87|0x0000000714c00000, 0x0000000714c00000, 0x0000000714e00000|  0%| F|  |TAMS 0x0000000714c00000| PB 0x0000000714c00000| Untracked |  0
|  88|0x0000000714e00000, 0x0000000714e00000, 0x0000000715000000|  0%| F|  |TAMS 0x0000000714e00000| PB 0x0000000714e00000| Untracked |  0
|  89|0x0000000715000000, 0x0000000715000000, 0x0000000715200000|  0%| F|  |TAMS 0x0000000715000000| PB 0x0000000715000000| Untracked |  0
|  90|0x0000000715200000, 0x0000000715200000, 0x0000000715400000|  0%| F|  |TAMS 0x0000000715200000| PB 0x0000000715200000| Untracked |  0
|  91|0x0000000715400000, 0x0000000715400000, 0x0000000715600000|  0%| F|  |TAMS 0x0000000715400000| PB 0x0000000715400000| Untracked |  0
|  92|0x0000000715600000, 0x0000000715600000, 0x0000000715800000|  0%| F|  |TAMS 0x0000000715600000| PB 0x0000000715600000| Untracked |  0
|  93|0x0000000715800000, 0x0000000715800000, 0x0000000715a00000|  0%| F|  |TAMS 0x0000000715800000| PB 0x0000000715800000| Untracked |  0
|  94|0x0000000715a00000, 0x0000000715a00000, 0x0000000715c00000|  0%| F|  |TAMS 0x0000000715a00000| PB 0x0000000715a00000| Untracked |  0
|  95|0x0000000715c00000, 0x0000000715c00000, 0x0000000715e00000|  0%| F|  |TAMS 0x0000000715c00000| PB 0x0000000715c00000| Untracked |  0
|  96|0x0000000715e00000, 0x0000000715e00000, 0x0000000716000000|  0%| F|  |TAMS 0x0000000715e00000| PB 0x0000000715e00000| Untracked |  0
|  97|0x0000000716000000, 0x0000000716000000, 0x0000000716200000|  0%| F|  |TAMS 0x0000000716000000| PB 0x0000000716000000| Untracked |  0
|  98|0x0000000716200000, 0x0000000716200000, 0x0000000716400000|  0%| F|  |TAMS 0x0000000716200000| PB 0x0000000716200000| Untracked |  0
|  99|0x0000000716400000, 0x0000000716400000, 0x0000000716600000|  0%| F|  |TAMS 0x0000000716400000| PB 0x0000000716400000| Untracked |  0
| 100|0x0000000716600000, 0x0000000716600000, 0x0000000716800000|  0%| F|  |TAMS 0x0000000716600000| PB 0x0000000716600000| Untracked |  0
| 101|0x0000000716800000, 0x0000000716800000, 0x0000000716a00000|  0%| F|  |TAMS 0x0000000716800000| PB 0x0000000716800000| Untracked |  0
| 102|0x0000000716a00000, 0x0000000716a00000, 0x0000000716c00000|  0%| F|  |TAMS 0x0000000716a00000| PB 0x0000000716a00000| Untracked |  0
| 103|0x0000000716c00000, 0x0000000716c00000, 0x0000000716e00000|  0%| F|  |TAMS 0x0000000716c00000| PB 0x0000000716c00000| Untracked |  0
| 104|0x0000000716e00000, 0x0000000716e00000, 0x0000000717000000|  0%| F|  |TAMS 0x0000000716e00000| PB 0x0000000716e00000| Untracked |  0
| 105|0x0000000717000000, 0x0000000717000000, 0x0000000717200000|  0%| F|  |TAMS 0x0000000717000000| PB 0x0000000717000000| Untracked |  0
| 106|0x0000000717200000, 0x0000000717200000, 0x0000000717400000|  0%| F|  |TAMS 0x0000000717200000| PB 0x0000000717200000| Untracked |  0
| 107|0x0000000717400000, 0x0000000717400000, 0x0000000717600000|  0%| F|  |TAMS 0x0000000717400000| PB 0x0000000717400000| Untracked |  0
| 108|0x0000000717600000, 0x0000000717600000, 0x0000000717800000|  0%| F|  |TAMS 0x0000000717600000| PB 0x0000000717600000| Untracked |  0
| 109|0x0000000717800000, 0x0000000717800000, 0x0000000717a00000|  0%| F|  |TAMS 0x0000000717800000| PB 0x0000000717800000| Untracked |  0
| 110|0x0000000717a00000, 0x0000000717a00000, 0x0000000717c00000|  0%| F|  |TAMS 0x0000000717a00000| PB 0x0000000717a00000| Untracked |  0
| 111|0x0000000717c00000, 0x0000000717c00000, 0x0000000717e00000|  0%| F|  |TAMS 0x0000000717c00000| PB 0x0000000717c00000| Untracked |  0
| 112|0x0000000717e00000, 0x0000000717feb888, 0x0000000718000000| 96%| E|  |TAMS 0x0000000717e00000| PB 0x0000000717e00000| Complete |  0
| 113|0x0000000718000000, 0x0000000718200000, 0x0000000718200000|100%| E|CS|TAMS 0x0000000718000000| PB 0x0000000718000000| Complete |  0
| 114|0x0000000718200000, 0x0000000718400000, 0x0000000718400000|100%| E|CS|TAMS 0x0000000718200000| PB 0x0000000718200000| Complete |  0
| 115|0x0000000718400000, 0x0000000718600000, 0x0000000718600000|100%| E|CS|TAMS 0x0000000718400000| PB 0x0000000718400000| Complete |  0
| 116|0x0000000718600000, 0x0000000718800000, 0x0000000718800000|100%| E|CS|TAMS 0x0000000718600000| PB 0x0000000718600000| Complete |  0
| 117|0x0000000718800000, 0x0000000718a00000, 0x0000000718a00000|100%| E|CS|TAMS 0x0000000718800000| PB 0x0000000718800000| Complete |  0
| 118|0x0000000718a00000, 0x0000000718c00000, 0x0000000718c00000|100%| E|CS|TAMS 0x0000000718a00000| PB 0x0000000718a00000| Complete |  0
| 119|0x0000000718c00000, 0x0000000718e00000, 0x0000000718e00000|100%| E|CS|TAMS 0x0000000718c00000| PB 0x0000000718c00000| Complete |  0
| 120|0x0000000718e00000, 0x0000000719000000, 0x0000000719000000|100%| E|CS|TAMS 0x0000000718e00000| PB 0x0000000718e00000| Complete |  0
| 121|0x0000000719000000, 0x0000000719200000, 0x0000000719200000|100%| E|  |TAMS 0x0000000719000000| PB 0x0000000719000000| Complete |  0
| 122|0x0000000719200000, 0x0000000719400000, 0x0000000719400000|100%| E|CS|TAMS 0x0000000719200000| PB 0x0000000719200000| Complete |  0
| 123|0x0000000719400000, 0x0000000719600000, 0x0000000719600000|100%| E|CS|TAMS 0x0000000719400000| PB 0x0000000719400000| Complete |  0
|1968|0x00000007ffe00000, 0x00000007fff3b5f0, 0x0000000800000000| 61%| O|  |TAMS 0x00000007ffe00000| PB 0x00000007ffe00000| Untracked |  0

Card table byte_map: [0x0000027613300000,0x0000027613ac0000] _byte_map_base: 0x000002760fab1000

Marking Bits: (CMBitMap*) 0x0000027605ece130
 Bits: [0x0000027613ac0000, 0x0000027617848000)

Polling page: 0x00000276041a0000

Metaspace:

Usage:
  Non-class:      2.22 MB used.
      Class:    259.94 KB used.
       Both:      2.47 MB used.

Virtual space:
  Non-class space:       64.00 MB reserved,       2.25 MB (  4%) committed,  1 nodes.
      Class space:        1.00 GB reserved,     320.00 KB ( <1%) committed,  1 nodes.
             Both:        1.06 GB reserved,       2.56 MB ( <1%) committed. 

Chunk freelists:
   Non-Class:  11.95 MB
       Class:  15.73 MB
        Both:  27.68 MB

MaxMetaspaceSize: unlimited
CompressedClassSpaceSize: 1.00 GB
Initial GC threshold: 21.00 MB
Current GC threshold: 21.00 MB
CDS: on
 - commit_granule_bytes: 65536.
 - commit_granule_words: 8192.
 - virtual_space_node_default_size: 8388608.
 - enlarge_chunks_in_place: 1.
UseCompressedClassPointers 1, UseCompactObjectHeaders 0
Narrow klass pointer bits 32, Max shift 3
Narrow klass base: 0x000002761b000000, Narrow klass shift: 0
Encoding Range: [0x000002761b000000 - 0x000002771b000000), (4294967296 bytes)
Klass Range:    [0x000002761b010000 - 0x000002765c000000), (1090453504 bytes)
Klass ID Range:  [65536 - 1090519033) (1090453497)
Protection zone: [0x000002761b000000 - 0x000002761b010000), (65536 bytes)


Internal statistics:

num_allocs_failed_limit: 0.
num_arena_births: 40.
num_arena_deaths: 0.
num_vsnodes_births: 2.
num_vsnodes_deaths: 0.
num_space_committed: 41.
num_space_uncommitted: 0.
num_chunks_returned_to_freelist: 0.
num_chunks_taken_from_freelist: 43.
num_chunk_merges: 0.
num_chunk_splits: 29.
num_chunks_enlarged: 18.
num_inconsistent_stats: 0.

CodeCache: size=49152Kb used=3642Kb max_used=3642Kb free=45509Kb
 bounds [0x000002760f2c0000, 0x000002760f650000, 0x00000276122c0000]
 total_blobs=1740, nmethods=1290, adapters=373, full_count=0
Compilation: enabled, stopped_count=0, restarted_count=0

Compilation events (20 events):
Event: 0.895 Thread 0x000002761a4e4370 nmethod 1278 0x000002760f64bd88 code [0x000002760f64be80, 0x000002760f64bf48]
Event: 0.895 Thread 0x000002761a42e110 1283       1       jdk.jfr.internal.SettingsManager$InternalSetting::getValues (35 bytes)
Event: 0.895 Thread 0x000002761a4e4370 1284       1       jdk.jfr.internal.Control::apply (10 bytes)
Event: 0.895 Thread 0x000002761a4e4370 nmethod 1284 0x000002760f64c088 code [0x000002760f64c180, 0x000002760f64c2a0]
Event: 0.895 Thread 0x000002761a4e4370 1285       1       jdk.jfr.internal.Control::findCombine (121 bytes)
Event: 0.895 Thread 0x000002761a42e110 nmethod 1283 0x000002760f64c388 code [0x000002760f64c480, 0x000002760f64c6a0]
Event: 0.895 Thread 0x000002761a42e110 1281       1       jdk.jfr.internal.PlatformEventType::isEnabled (5 bytes)
Event: 0.895 Thread 0x000002761a42e110 nmethod 1281 0x000002760f64c708 code [0x000002760f64c800, 0x000002760f64c8c8]
Event: 0.895 Thread 0x000002761a42e110 1286       1       java.lang.StringLatin1::getChar (9 bytes)
Event: 0.895 Thread 0x000002761a42e110 nmethod 1286 0x000002760f64ca08 code [0x000002760f64cb00, 0x000002760f64cbd8]
Event: 0.895 Thread 0x000002761a500850 nmethod 1282 0x000002760f64cd08 code [0x000002760f64ce00, 0x000002760f64d2f0]
Event: 0.895 Thread 0x000002761a4e4370 nmethod 1285 0x000002760f64d388 code [0x000002760f64d480, 0x000002760f64dc58]
Event: 0.896 Thread 0x000002761a4e4370 1287       1       jdk.jfr.internal.periodic.EventTask::getEventType (5 bytes)
Event: 0.896 Thread 0x000002761a4e4370 nmethod 1287 0x000002760f64dc88 code [0x000002760f64dd80, 0x000002760f64de48]
Event: 0.896 Thread 0x000002761a4e4370 1288       1       jdk.jfr.internal.periodic.PeriodicTask::getPeriod (5 bytes)
Event: 0.896 Thread 0x000002761a500850 1289       1       java.util.Comparator::lambda$comparingLong$6043328a$1 (18 bytes)
Event: 0.896 Thread 0x000002761a42e110 1290       1       java.util.Comparator$$Lambda/0x000002761c02d110::compare (10 bytes)
Event: 0.896 Thread 0x000002761a4e4370 nmethod 1288 0x000002760f64df88 code [0x000002760f64e080, 0x000002760f64e148]
Event: 0.896 Thread 0x000002761a42e110 nmethod 1290 0x000002760f64e288 code [0x000002760f64e380, 0x000002760f64e580]
Event: 0.896 Thread 0x000002761a500850 nmethod 1289 0x000002760f64e588 code [0x000002760f64e680, 0x000002760f64e840]

GC Heap History (0 events):
No events

Dll operation events (8 events):
Event: 0.635 Loaded shared library C:\Users\italo\.jdks\openjdk-ea-25\bin\java.dll
Event: 0.711 Loaded shared library C:\Users\italo\.jdks\openjdk-ea-25\bin\zip.dll
Event: 0.713 Loaded shared library C:\Users\italo\.jdks\openjdk-ea-25\bin\instrument.dll
Event: 0.716 Loaded shared library C:\Users\italo\.jdks\openjdk-ea-25\bin\net.dll
Event: 0.717 Loaded shared library C:\Users\italo\.jdks\openjdk-ea-25\bin\nio.dll
Event: 0.719 Loaded shared library C:\Users\italo\.jdks\openjdk-ea-25\bin\zip.dll
Event: 0.771 Loaded shared library C:\Users\italo\.jdks\openjdk-ea-25\bin\extnet.dll
Event: 0.790 Loaded shared library C:\Users\italo\.jdks\openjdk-ea-25\bin\jimage.dll

Deoptimization events (0 events):
No events

Classes loaded (20 events):
Event: 0.883 Loading class jdk/jfr/internal/MetadataWriter
Event: 0.883 Loading class jdk/jfr/internal/MetadataWriter done
Event: 0.883 Loading class jdk/jfr/internal/MetadataDescriptor$Element
Event: 0.883 Loading class jdk/jfr/internal/MetadataDescriptor$Element done
Event: 0.884 Loading class jdk/jfr/internal/MetadataDescriptor$Attribute
Event: 0.884 Loading class jdk/jfr/internal/MetadataDescriptor$Attribute done
Event: 0.887 Loading class jdk/jfr/internal/consumer/StringParser$Encoding
Event: 0.888 Loading class jdk/jfr/internal/consumer/StringParser$Encoding done
Event: 0.891 Loading class jdk/jfr/internal/consumer/RepositoryFiles
Event: 0.891 Loading class jdk/jfr/internal/consumer/RepositoryFiles done
Event: 0.893 Loading class jdk/jfr/internal/SettingsManager$InternalSetting
Event: 0.893 Loading class jdk/jfr/internal/SettingsManager$InternalSetting done
Event: 0.894 Loading class jdk/jfr/internal/util/Rate
Event: 0.894 Loading class jdk/jfr/internal/util/Rate done
Event: 0.894 Loading class jdk/jfr/internal/util/TimespanUnit
Event: 0.894 Loading class jdk/jfr/internal/util/TimespanUnit done
Event: 0.894 Loading class jdk/jfr/internal/util/ValueParser
Event: 0.894 Loading class jdk/jfr/internal/util/ValueParser done
Event: 0.895 Loading class jdk/jfr/internal/periodic/PeriodicType
Event: 0.895 Loading class jdk/jfr/internal/periodic/PeriodicType done

Classes unloaded (0 events):
No events

Classes redefined (0 events):
No events

Internal exceptions (10 events):
Event: 0.764 Thread 0x00000276062e08c0 Exception <a 'java/lang/NoSuchMethodError'{0x0000000718d62ff8}: 'java.lang.Object java.lang.invoke.Invokers$Holder.invokeExact_MT(java.lang.Object, java.lang.Object, java.lang.Object, java.lang.Object, java.lang.Object)'> (0x0000000718d62ff8) 
thrown [s\open\src\hotspot\share\interpreter\linkResolver.cpp, line 804]
Event: 0.799 Thread 0x00000276062e08c0 Exception <a 'java/lang/NoSuchMethodError'{0x000000071891d7b0}: 'void java.lang.invoke.DirectMethodHandle$Holder.invokeStaticInit(java.lang.Object)'> (0x000000071891d7b0) 
thrown [s\open\src\hotspot\share\interpreter\linkResolver.cpp, line 804]
Event: 0.833 Thread 0x00000276062e08c0 Exception <a 'java/lang/NoSuchMethodError'{0x000000071876c308}: 'long java.lang.invoke.DirectMethodHandle$Holder.invokeVirtual(java.lang.Object, java.lang.Object)'> (0x000000071876c308) 
thrown [s\open\src\hotspot\share\interpreter\linkResolver.cpp, line 804]
Event: 0.833 Thread 0x00000276062e08c0 Exception <a 'java/lang/NoSuchMethodError'{0x000000071877ba48}: 'int java.lang.invoke.DirectMethodHandle$Holder.invokeStatic(java.lang.Object, java.lang.Object, java.lang.Object, java.lang.Object)'> (0x000000071877ba48) 
thrown [s\open\src\hotspot\share\interpreter\linkResolver.cpp, line 804]
Event: 0.875 Thread 0x00000276062e08c0 Exception <a 'java/lang/NoSuchMethodError'{0x000000071834f0a8}: 'void java.lang.invoke.DirectMethodHandle$Holder.invokeSpecial(java.lang.Object, java.lang.Object, int)'> (0x000000071834f0a8) 
thrown [s\open\src\hotspot\share\interpreter\linkResolver.cpp, line 804]
Event: 0.875 Thread 0x00000276062e08c0 Exception <a 'java/lang/NoSuchMethodError'{0x0000000718356d00}: 'void java.lang.invoke.Invokers$Holder.invokeExact_MT(java.lang.Object, int, java.lang.Object)'> (0x0000000718356d00) 
thrown [s\open\src\hotspot\share\interpreter\linkResolver.cpp, line 804]
Event: 0.876 Thread 0x0000027661163df0 Exception <a 'java/lang/NoSuchMethodError'{0x00000007183ecbd0}: 'long java.lang.invoke.DirectMethodHandle$Holder.invokeSpecial(java.lang.Object, java.lang.Object)'> (0x00000007183ecbd0) 
thrown [s\open\src\hotspot\share\interpreter\linkResolver.cpp, line 804]
Event: 0.878 Thread 0x00000276062e08c0 Exception <a 'sun/nio/fs/WindowsException'{0x000000071837ed48}> (0x000000071837ed48) 
thrown [s\open\src\hotspot\share\prims\jni.cpp, line 516]
Event: 0.879 Thread 0x00000276062e08c0 Exception <a 'sun/nio/fs/WindowsException'{0x00000007183846b8}> (0x00000007183846b8) 
thrown [s\open\src\hotspot\share\prims\jni.cpp, line 516]
Event: 0.881 Thread 0x00000276062e08c0 Exception <a 'sun/nio/fs/WindowsException'{0x0000000718386fb8}> (0x0000000718386fb8) 
thrown [s\open\src\hotspot\share\prims\jni.cpp, line 516]

VM Operations (8 events):
Event: 0.704 Executing non-safepoint VM operation: HandshakeAllThreads (Deoptimize)
Event: 0.704 Executing non-safepoint VM operation: HandshakeAllThreads (Deoptimize) done
Event: 0.877 Executing non-safepoint VM operation: HandshakeAllThreads (Deoptimize)
Event: 0.877 Executing non-safepoint VM operation: HandshakeAllThreads (Deoptimize) done
Event: 0.877 Executing non-safepoint VM operation: HandshakeAllThreads (Deoptimize)
Event: 0.877 Executing non-safepoint VM operation: HandshakeAllThreads (Deoptimize) done
Event: 0.891 Executing safepoint VM operation: JFRSafepointClear
Event: 0.891 Executing safepoint VM operation: JFRSafepointClear done

Memory protections (0 events):
No events

Nmethod flushes (0 events):
No events

Events (14 events):
Event: 0.644 Thread 0x00000276062e08c0 Thread added: 0x00000276062e08c0
Event: 0.651 Thread 0x00000276062e08c0 Thread added: 0x000002761a41a1d0
Event: 0.651 Thread 0x00000276062e08c0 Thread added: 0x000002761a41aa60
Event: 0.651 Thread 0x00000276062e08c0 Thread added: 0x000002761a420070
Event: 0.651 Thread 0x00000276062e08c0 Thread added: 0x000002761a421f10
Event: 0.651 Thread 0x00000276062e08c0 Thread added: 0x000002761a422a50
Event: 0.651 Thread 0x00000276062e08c0 Thread added: 0x000002761a4239a0
Event: 0.651 Thread 0x00000276062e08c0 Thread added: 0x000002761a42e110
Event: 0.704 Thread 0x000002761a42e110 Thread added: 0x000002761a4e4370
Event: 0.704 Thread 0x000002761a4e4370 Thread added: 0x000002761a500850
Event: 0.714 Thread 0x00000276062e08c0 Thread added: 0x000002761a5a93b0
Event: 0.765 Thread 0x00000276062e08c0 Thread added: 0x000002761a8edd20
Event: 0.797 Thread 0x00000276062e08c0 Thread added: 0x0000027660ba1e60
Event: 0.876 Thread 0x00000276062e08c0 Thread added: 0x0000027661163df0


Dynamic libraries:
0x00007ff6d97a0000 - 0x00007ff6d97ae000 	C:\Users\italo\.jdks\openjdk-ea-25\bin\java.exe
0x00007ffc5c650000 - 0x00007ffc5c848000 	C:\Windows\SYSTEM32\ntdll.dll
0x00007ffc5ab90000 - 0x00007ffc5ac52000 	C:\Windows\System32\KERNEL32.DLL
0x00007ffc59ed0000 - 0x00007ffc5a1c6000 	C:\Windows\System32\KERNELBASE.dll
0x00007ffc5a550000 - 0x00007ffc5a650000 	C:\Windows\System32\ucrtbase.dll
0x00007ffc55d90000 - 0x00007ffc55da7000 	C:\Users\italo\.jdks\openjdk-ea-25\bin\jli.dll
0x00007ffc55f40000 - 0x00007ffc55f5e000 	C:\Users\italo\.jdks\openjdk-ea-25\bin\VCRUNTIME140.dll
0x00007ffc5ad50000 - 0x00007ffc5aeed000 	C:\Windows\System32\USER32.dll
0x00007ffc4c770000 - 0x00007ffc4ca0a000 	C:\Windows\WinSxS\amd64_microsoft.windows.common-controls_6595b64144ccf1df_6.0.19041.5794_none_60bcd33171f2783c\COMCTL32.dll
0x00007ffc59ea0000 - 0x00007ffc59ec2000 	C:\Windows\System32\win32u.dll
0x00007ffc5ad20000 - 0x00007ffc5ad4b000 	C:\Windows\System32\GDI32.dll
0x00007ffc5aaf0000 - 0x00007ffc5ab8e000 	C:\Windows\System32\msvcrt.dll
0x00007ffc5a300000 - 0x00007ffc5a41a000 	C:\Windows\System32\gdi32full.dll
0x00007ffc5a260000 - 0x00007ffc5a2fd000 	C:\Windows\System32\msvcp_win.dll
0x00007ffc5c280000 - 0x00007ffc5c2af000 	C:\Windows\System32\IMM32.DLL
0x00007ffc56500000 - 0x00007ffc5650c000 	C:\Users\italo\.jdks\openjdk-ea-25\bin\vcruntime140_1.dll
0x00007ffc4e6b0000 - 0x00007ffc4e73d000 	C:\Users\italo\.jdks\openjdk-ea-25\bin\msvcp140.dll
0x00007ffc19fc0000 - 0x00007ffc1adf3000 	C:\Users\italo\.jdks\openjdk-ea-25\bin\server\jvm.dll
0x00007ffc5b770000 - 0x00007ffc5b81f000 	C:\Windows\System32\ADVAPI32.dll
0x00007ffc5c470000 - 0x00007ffc5c50f000 	C:\Windows\System32\sechost.dll
0x00007ffc5c340000 - 0x00007ffc5c463000 	C:\Windows\System32\RPCRT4.dll
0x00007ffc59e20000 - 0x00007ffc59e47000 	C:\Windows\System32\bcrypt.dll
0x00007ffc5b660000 - 0x00007ffc5b6cb000 	C:\Windows\System32\WS2_32.dll
0x00007ffc59b20000 - 0x00007ffc59b6b000 	C:\Windows\SYSTEM32\POWRPROF.dll
0x00007ffc50950000 - 0x00007ffc50977000 	C:\Windows\SYSTEM32\WINMM.dll
0x00007ffc521d0000 - 0x00007ffc521da000 	C:\Windows\SYSTEM32\VERSION.dll
0x00007ffc59b00000 - 0x00007ffc59b12000 	C:\Windows\SYSTEM32\UMPDC.dll
0x00007ffc58500000 - 0x00007ffc58512000 	C:\Windows\SYSTEM32\kernel.appcore.dll
0x00007ffc55f30000 - 0x00007ffc55f3a000 	C:\Users\italo\.jdks\openjdk-ea-25\bin\jimage.dll
0x00007ffc57870000 - 0x00007ffc57a71000 	C:\Windows\SYSTEM32\DBGHELP.DLL
0x00007ffc4aa90000 - 0x00007ffc4aac4000 	C:\Windows\SYSTEM32\dbgcore.DLL
0x00007ffc5a1d0000 - 0x00007ffc5a252000 	C:\Windows\System32\bcryptPrimitives.dll
0x00007ffc4e5c0000 - 0x00007ffc4e5d0000 	C:\Users\italo\.jdks\openjdk-ea-25\bin\instrument.dll
0x00007ffc4e690000 - 0x00007ffc4e6af000 	C:\Users\italo\.jdks\openjdk-ea-25\bin\java.dll
0x00007ffc5a730000 - 0x00007ffc5a85b000 	C:\Windows\System32\ole32.dll
0x00007ffc5b990000 - 0x00007ffc5bce3000 	C:\Windows\System32\combase.dll
0x00007ffc5aef0000 - 0x00007ffc5b65e000 	C:\Windows\System32\SHELL32.dll
0x00007ffc1d1d0000 - 0x00007ffc1d3c8000 	C:\Users\italo\AppData\Local\Temp\idea_libasyncProfiler_dll_temp_folder15461\libasyncProfiler.dll
0x00007ffc57a80000 - 0x00007ffc58223000 	C:\Windows\SYSTEM32\windows.storage.dll
0x00007ffc59620000 - 0x00007ffc5964b000 	C:\Windows\SYSTEM32\Wldp.dll
0x00007ffc5c510000 - 0x00007ffc5c5dd000 	C:\Windows\System32\OLEAUT32.dll
0x00007ffc5b820000 - 0x00007ffc5b8cd000 	C:\Windows\System32\SHCORE.dll
0x00007ffc5b930000 - 0x00007ffc5b985000 	C:\Windows\System32\shlwapi.dll
0x00007ffc59bf0000 - 0x00007ffc59c15000 	C:\Windows\SYSTEM32\profapi.dll
0x00007ffc4e630000 - 0x00007ffc4e647000 	C:\Users\italo\.jdks\openjdk-ea-25\bin\zip.dll
0x00007ffc4e670000 - 0x00007ffc4e681000 	C:\Users\italo\.jdks\openjdk-ea-25\bin\net.dll
0x00007ffc59380000 - 0x00007ffc593ec000 	C:\Windows\system32\mswsock.dll
0x00007ffc4e650000 - 0x00007ffc4e666000 	C:\Users\italo\.jdks\openjdk-ea-25\bin\nio.dll
0x00007ffc4e620000 - 0x00007ffc4e629000 	C:\Users\italo\.jdks\openjdk-ea-25\bin\extnet.dll

JVMTI agents:
C:\Program Files\JetBrains\IntelliJ IDEA 2025.1\lib\idea_rt.jar path:C:\Users\italo\.jdks\openjdk-ea-25\bin\instrument.dll, loaded, initialized, instrumentlib options:65155
C:\Users\italo\AppData\Local\Temp\idea_libasyncProfiler_dll_temp_folder15461\libasyncProfiler.dll path:C:\Users\italo\AppData\Local\Temp\idea_libasyncProfiler_dll_temp_folder15461\libasyncProfiler.dll, loaded, initialized, options:start,jfr,event=wall,interval=10ms,jfrsync=profile,cstack=no,file=C:\Users\italo\IdeaSnapshots\TreinoSpringApplication_2025_05_29_172313.jfr,dbghelppath=C:\Users\italo\AppData\Local\Temp\idea_dbghelp_dll_temp_folder\dbghelp.dll,log=C:\Users\italo\AppData\Local\Temp\TreinoSpringApplication_2025_05_29_172313.jfr.log.txt,logLevel=DEBUG

dbghelp: loaded successfully - version: 4.0.5 - missing functions: none
symbol engine: initialized successfully - sym options: 0x614 - pdb path: .;C:\Users\italo\.jdks\openjdk-ea-25\bin;C:\Windows\SYSTEM32;C:\Windows\WinSxS\amd64_microsoft.windows.common-controls_6595b64144ccf1df_6.0.19041.5794_none_60bcd33171f2783c;C:\Users\italo\.jdks\openjdk-ea-25\bin\server;C:\Users\italo\AppData\Local\Temp\idea_libasyncProfiler_dll_temp_folder15461

VM Arguments:
jvm_args: -Dspring.profiles.active=dev -XX:TieredStopAtLevel=1 -Dspring.output.ansi.enabled=always -Dcom.sun.management.jmxremote -Dspring.jmx.enabled=true -Dspring.liveBeansView.mbeanDomain -Dspring.application.admin.enabled=true -Dmanagement.endpoints.jmx.exposure.include=* -javaagent:C:\Program Files\JetBrains\IntelliJ IDEA 2025.1\lib\idea_rt.jar=65155 -agentpath:C:\Users\italo\AppData\Local\Temp\idea_libasyncProfiler_dll_temp_folder15461\libasyncProfiler.dll=start,jfr,event=wall,interval=10ms,jfrsync=profile,cstack=no,file=C:\Users\italo\IdeaSnapshots\TreinoSpringApplication_2025_05_29_172313.jfr,dbghelppath=C:\Users\italo\AppData\Local\Temp\idea_dbghelp_dll_temp_folder\dbghelp.dll,log=C:\Users\italo\AppData\Local\Temp\TreinoSpringApplication_2025_05_29_172313.jfr.log.txt,logLevel=DEBUG -Dfile.encoding=UTF-8 -Dsun.stdout.encoding=UTF-8 -Dsun.stderr.encoding=UTF-8 
java_command: projetosSpring.treinoSpring.TreinoSpringApplication
java_class_path (initial): C:\Users\italo\SpringBoot\treinoSpring\target\classes;C:\Users\italo\.m2\repository\org\springframework\boot\spring-boot-starter-web\3.4.5\spring-boot-starter-web-3.4.5.jar;C:\Users\italo\.m2\repository\org\springframework\boot\spring-boot-starter\3.4.5\spring-boot-starter-3.4.5.jar;C:\Users\italo\.m2\repository\org\springframework\boot\spring-boot-starter-logging\3.4.5\spring-boot-starter-logging-3.4.5.jar;C:\Users\italo\.m2\repository\ch\qos\logback\logback-classic\1.5.18\logback-classic-1.5.18.jar;C:\Users\italo\.m2\repository\ch\qos\logback\logback-core\1.5.18\logback-core-1.5.18.jar;C:\Users\italo\.m2\repository\org\apache\logging\log4j\log4j-to-slf4j\2.24.3\log4j-to-slf4j-2.24.3.jar;C:\Users\italo\.m2\repository\org\apache\logging\log4j\log4j-api\2.24.3\log4j-api-2.24.3.jar;C:\Users\italo\.m2\repository\org\slf4j\jul-to-slf4j\2.0.17\jul-to-slf4j-2.0.17.jar;C:\Users\italo\.m2\repository\jakarta\annotation\jakarta.annotation-api\2.1.1\jakarta.annotation-api-2.1.1.jar;C:\Users\italo\.m2\repository\org\yaml\snakeyaml\2.3\snakeyaml-2.3.jar;C:\Users\italo\.m2\repository\org\springframework\boot\spring-boot-starter-json\3.4.5\spring-boot-starter-json-3.4.5.jar;C:\Users\italo\.m2\repository\com\fasterxml\jackson\core\jackson-databind\2.18.3\jackson-databind-2.18.3.jar;C:\Users\italo\.m2\repository\com\fasterxml\jackson\core\jackson-annotations\2.18.3\jackson-annotations-2.18.3.jar;C:\Users\italo\.m2\repository\com\fasterxml\jackson\core\jackson-core\2.18.3\jackson-core-2.18.3.jar;C:\Users\italo\.m2\repository\com\fasterxml\jackson\datatype\jackson-datatype-jdk8\2.18.3\jackson-datatype-jdk8-2.18.3.jar;C:\Users\italo\.m2\repository\com\fasterxml\jackson\datatype\jackson-datatype-jsr310\2.18.3\jackson-datatype-jsr310-2.18.3.jar;C:\Users\italo\.m2\repository\com\fasterxml\jackson\module\jackson-module-parameter-names\2.18.3\jackson-module-parameter-names-2.18.3.jar;C:\Users\italo\.m2\repository\org\springframework\boot\spring-boot-starter-tomcat\3.4.5\spring-boot-starter-tomcat-3.4.5.jar;C:\Users\italo\.m2\repository\org\apache\tomcat\embed\tomcat-embed-core\10.1.40\tomcat-embed-core-10.1.40.jar;C:\Users\italo\.m2\repository\org\apache\tomcat\embed\tomcat-embed-websocket\10.1.40\tomcat-embed-websocket-10.1.40.jar;C:\Users\italo\.m2\repository\org\springframework\spring-web\6.2.6\spring-web-6.2.6.jar;C:\Users\italo\.m2\repository\org\springframework\spring-beans\6.2.6\spring-beans-6.2.6.jar;C:\Users\italo\.m2\repository\io\micrometer\micrometer-observation\1.14.6\micrometer-observation-1.14.6.jar;C:\Users\italo\.m2\repository\io\micrometer\micrometer-commons\1.14.6\micrometer-commons-1.14.6.jar;C:\Users\italo\.m2\repository\org\springframework\spring-webmvc\6.2.6\spring-webmvc-6.2.6.jar;C:\Users\italo\.m2\repository\org\springframework\spring-aop\6.2.6\spring-aop-6.2.6.jar;C:\Users\italo\.m2\repository\org\springframework\spring-context\6.2.6\spring-context-6.2.6.jar;C:\Users\italo\.m2\repository\org\springframework\spring-expression\6.2.6\spring-expression-6.2.6.jar;C:\Users\italo\.m2\repository\org\springframework\boot\spring-boot-devtools\3.4.5\spring-boot-devtools-3.4.5.jar;C:\Users\italo\.m2\repository\org\springframework\boot\spring-boot\3.4.5\spring-boot-3.4.5.jar;C:\Users\italo\.m2\repository\org\springframework\boot\spring-boot-autoconfigure\3.4.5\spring-boot-autoconfigure-3.4.5.jar;C:\Users\italo\.m2\repository\jakarta\xml\bind\jakarta.xml.bind-api\4.0.2\jakarta.xml.bind-api-4.0.2.jar;C:\Users\italo\.m2\repository\jakarta\activation\jakarta.activation-api\2.1.3\jakarta.activation-api-2.1.3.jar;C:\Users\italo\.m2\repository\net\minidev\json-smart\2.5.2\json-smart-2.5.2.jar;C:\Users\italo\.m2\repository\net\minidev\accessors-smart\2.5.2\accessors-smart-2.5.2.jar;C:\Users\italo\.m2\repository\org\ow2\asm\asm\9.7.1\asm-9.7.1.jar;C:\Users\italo\.m2\repository\org\springframework\spring-core\6.2.6\spring-core-6.2.6.jar;C:\Users\italo\.m2\repository\org\springframework\spring-jcl\6.2.6\spring-jcl-6.2.6.jar;C:\Users\italo\.m2\repository\com\jayway\jsonpath\json-path\2.9.0\json-path-2.9.0.jar;C:\Users\italo\.m2\repository\org\slf4j\slf4j-api\2.0.17\slf4j-api-2.0.17.jar;C:\Users\italo\.m2\repository\org\springframework\boot\spring-boot-starter-data-jpa\3.4.5\spring-boot-starter-data-jpa-3.4.5.jar;C:\Users\italo\.m2\repository\org\springframework\boot\spring-boot-starter-jdbc\3.4.5\spring-boot-starter-jdbc-3.4.5.jar;C:\Users\italo\.m2\repository\com\zaxxer\HikariCP\5.1.0\HikariCP-5.1.0.jar;C:\Users\italo\.m2\repository\org\springframework\spring-jdbc\6.2.6\spring-jdbc-6.2.6.jar;C:\Users\italo\.m2\repository\org\hibernate\orm\hibernate-core\6.6.13.Final\hibernate-core-6.6.13.Final.jar;C:\Users\italo\.m2\repository\jakarta\persistence\jakarta.persistence-api\3.1.0\jakarta.persistence-api-3.1.0.jar;C:\Users\italo\.m2\repository\jakarta\transaction\jakarta.transaction-api\2.0.1\jakarta.transaction-api-2.0.1.jar;C:\Users\italo\.m2\repository\org\jboss\logging\jboss-logging\3.6.1.Final\jboss-logging-3.6.1.Final.jar;C:\Users\italo\.m2\repository\org\hibernate\common\hibernate-commons-annotations\7.0.3.Final\hibernate-commons-annotations-7.0.3.Final.jar;C:\Users\italo\.m2\repository\io\smallrye\jandex\3.2.0\jandex-3.2.0.jar;C:\Users\italo\.m2\repository\com\fasterxml\classmate\1.7.0\classmate-1.7.0.jar;C:\Users\italo\.m2\repository\org\glassfish\jaxb\jaxb-runtime\4.0.5\jaxb-runtime-4.0.5.jar;C:\Users\italo\.m2\repository\org\glassfish\jaxb\jaxb-core\4.0.5\jaxb-core-4.0.5.jar;C:\Users\italo\.m2\repository\org\eclipse\angus\angus-activation\2.0.2\angus-activation-2.0.2.jar;C:\Users\italo\.m2\repository\org\glassfish\jaxb\txw2\4.0.5\txw2-4.0.5.jar;C:\Users\italo\.m2\repository\com\sun\istack\istack-commons-runtime\4.1.2\istack-commons-runtime-4.1.2.jar;C:\Users\italo\.m2\repository\jakarta\inject\jakarta.inject-api\2.0.1\jakarta.inject-api-2.0.1.jar;C:\Users\italo\.m2\repository\org\antlr\antlr4-runtime\4.13.0\antlr4-runtime-4.13.0.jar;C:\Users\italo\.m2\repository\org\springframework\data\spring-data-jpa\3.4.5\spring-data-jpa-3.4.5.jar;C:\Users\italo\.m2\repository\org\springframework\data\spring-data-commons\3.4.5\spring-data-commons-3.4.5.jar;C:\Users\italo\.m2\repository\org\springframework\spring-orm\6.2.6\spring-orm-6.2.6.jar;C:\Users\italo\.m2\repository\org\springframework\spring-tx\6.2.6\spring-tx-6.2.6.jar;C:\Users\italo\.m2\repository\org\springframework\spring-aspects\6.2.6\spring-aspects-6.2.6.jar;C:\Users\italo\.m2\repository\org\aspectj\aspectjweaver\1.9.24\aspectjweaver-1.9.24.jar;C:\Users\italo\.m2\repository\org\jetbrains\annotations\26.0.2\annotations-26.0.2.jar;C:\Users\italo\.m2\repository\org\springframework\boot\spring-boot-starter-validation\3.4.5\spring-boot-starter-validation-3.4.5.jar;C:\Users\italo\.m2\repository\org\apache\tomcat\embed\tomcat-embed-el\10.1.40\tomcat-embed-el-10.1.40.jar;C:\Users\italo\.m2\repository\org\hibernate\validator\hibernate-validator\8.0.2.Final\hibernate-validator-8.0.2.Final.jar;C:\Users\italo\.m2\repository\jakarta\validation\jakarta.validation-api\3.0.2\jakarta.validation-api-3.0.2.jar;C:\Users\italo\.m2\repository\com\h2database\h2\2.3.232\h2-2.3.232.jar;C:\Users\italo\.m2\repository\org\mockito\mockito-core\5.17.0\mockito-core-5.17.0.jar;C:\Users\italo\.m2\repository\net\bytebuddy\byte-buddy\1.15.11\byte-buddy-1.15.11.jar;C:\Users\italo\.m2\repository\net\bytebuddy\byte-buddy-agent\1.15.11\byte-buddy-agent-1.15.11.jar;C:\Users\italo\.m2\repository\org\objenesis\objenesis\3.3\objenesis-3.3.jar;C:\Users\italo\.m2\repository\org\springframework\retry\spring-retry\2.0.12\spring-retry-2.0.12.jar
Launcher Type: SUN_STANDARD

[Global flags]
     intx CICompilerCount                          = 4                                         {product} {ergonomic}
     uint ConcGCThreads                            = 3                                         {product} {ergonomic}
     bool FlightRecorder                           = true                                      {product} {management}
     uint G1ConcRefinementThreads                  = 10                                        {product} {ergonomic}
   size_t G1HeapRegionSize                         = 2097152                                   {product} {ergonomic}
   size_t InitialHeapSize                          = 260046848                                 {product} {ergonomic}
     bool ManagementServer                         = true                                      {product} {command line}
   size_t MarkStackSize                            = 4194304                                   {product} {ergonomic}
   size_t MarkStackSizeMax                         = 536870912                                 {product} {ergonomic}
   size_t MaxHeapSize                              = 4129292288                                {product} {ergonomic}
   size_t MaxNewSize                               = 2476736512                                {product} {ergonomic}
   size_t MinHeapDeltaBytes                        = 2097152                                   {product} {ergonomic}
   size_t MinHeapSize                              = 8388608                                   {product} {ergonomic}
    uintx NonNMethodCodeHeapSize                   = 4096                                   {pd product} {ergonomic}
    uintx NonProfiledCodeHeapSize                  = 0                                      {pd product} {ergonomic}
     bool ProfileInterpreter                       = false                                  {pd product} {command line}
    uintx ProfiledCodeHeapSize                     = 0                                      {pd product} {ergonomic}
   size_t SoftMaxHeapSize                          = 4129292288                             {manageable} {ergonomic}
     intx TieredStopAtLevel                        = 1                                         {product} {command line}
     bool UseCompressedOops                        = true                           {product lp64_product} {ergonomic}
     bool UseG1GC                                  = true                                      {product} {ergonomic}
     bool UseLargePagesIndividualAllocation        = false                                  {pd product} {ergonomic}

Logging:
Log output configuration:
 #0: stdout all=warning uptime,level,tags foldmultilines=false
 #1: stderr all=off uptime,level,tags foldmultilines=false

Release file:
<release file has not been read>
Environment Variables:
JAVA_HOME=C:\Program Files\java\jdk-24.0.1
PATH=C:\Program Files\java\jdk-24.0.1\bin;C:\apache-maven-3.9.9-bin\apache-maven-3.9.9\bin;C:\flutter\bin;C:\Windows\system32;C:\Windows;C:\Windows\System32\Wbem;C:\Windows\System32\WindowsPowerShell\v1.0\;C:\Windows\System32\OpenSSH\;C:\Program Files\dotnet\;C:\Program Files\Git\cmd;C:\Program Files\MySQL\MySQL Shell 8.0\bin\;C:\Users\italo\AppData\Local\Microsoft\WindowsApps;C:\Users\italo\AppData\Local\JetBrains\IntelliJ IDEA 2024.3.5\bin;;C:\Users\italo\AppData\Local\GitHubDesktop\bin
USERNAME=italo
OS=Windows_NT
PROCESSOR_IDENTIFIER=AMD64 Family 25 Model 80 Stepping 0, AuthenticAMD
TMP=C:\Users\italo\AppData\Local\Temp
TEMP=C:\Users\italo\AppData\Local\Temp




Compilation memory statistics disabled.

Periodic native trim disabled

---------------  S Y S T E M  ---------------

OS:
 Windows 10 , 64 bit Build 19041 (10.0.19041.5794)
OS uptime: 2 days 4:21 hours

CPU: total 12 (initial active 12) (12 cores per cpu, 2 threads per core) family 25 model 80 stepping 0 microcode 0x0, cx8, cmov, fxsr, ht, mmx, 3dnowpref, sse, sse2, sse3, ssse3, sse4a, sse4.1, sse4.2, popcnt, lzcnt, tsc, tscinvbit, avx, avx2, aes, erms, clmul, bmi1, bmi2, adx, sha, fma, vzeroupper, clflush, clflushopt, clwb, rdtscp, rdpid, fsrm, f16c, pku, cet_ss
Processor Information for the first 12 processors :
  Max Mhz: 3901, Current Mhz: 3901, Mhz Limit: 3901

Memory: 4k page, system-wide physical 15745M (4163M free)
TotalPageFile size 30593M (AvailPageFile size 13358M)
current process WorkingSet (physical memory assigned to process): 74M, peak: 74M
current process commit charge ("private bytes"): 377M, peak: 377M

vm_info: OpenJDK 64-Bit Server VM (25-ea+21-2530) for windows-amd64 JRE (25-ea+21-2530), built on 2025-05-01T07:15:39Z with unknown MS VC++:1943

END.
